<?xml version="1.0" encoding="UTF-8"?>
<!-- Generated by org.testng.reporters.JUnitReportReporter -->
<testsuite hostname="LAPTOP-U0T9TNPM" failures="0" tests="1" name="frameWorkTest.VerifyNewItemAdded" time="37.843" errors="0" timestamp="2021-03-28T07:25:59 EDT" skipped="0">
  <testcase classname="frameWorkTest.VerifyNewItemAdded" name="ecommerceAppvalidation" time="37.843"/>
  <system-out/>
</testsuite> <!-- frameWorkTest.VerifyNewItemAdded -->
